This file contains any messages produced by compilers while
running configure, to aid debugging if configure makes a mistake.

It was created by libchimera configure 1.4, which was
generated by GNU Autoconf 2.59.  Invocation command line was

  $ ./configure 

## --------- ##
## Platform. ##
## --------- ##

hostname = emperor
uname -m = x86_64
uname -r = 2.6.27-gentoo-r8
uname -s = Linux
uname -v = #5 SMP Sun Feb 1 03:48:43 PST 2009

/usr/bin/uname -p = Dual Core AMD Opteron(tm) Processor 165
/bin/uname -X     = unknown

/bin/arch              = unknown
/usr/bin/arch -k       = unknown
/usr/convex/getsysinfo = unknown
hostinfo               = unknown
/bin/machine           = unknown
/usr/bin/oslevel       = unknown
/bin/universe          = unknown

PATH: /home/zhaoz/bin/
PATH: /usr/lib/distcc/bin
PATH: /home/zhaoz/env_stuff/
PATH: /home/zhaoz/programming/perl/kde/dcop
PATH: /usr/local/bin
PATH: /usr/bin
PATH: /bin
PATH: /opt/bin
PATH: /usr/x86_64-pc-linux-gnu/gcc-bin/4.1.2
PATH: /opt/blackdown-jdk-1.4.2.03/bin
PATH: /opt/blackdown-jdk-1.4.2.03/jre/bin
PATH: /usr/kde/3.5/bin
PATH: /usr/qt/3/bin
PATH: /usr/games/bin


## ----------- ##
## Core tests. ##
## ----------- ##

configure:1545: checking for a BSD-compatible install
configure:1600: result: /usr/bin/install -c
configure:1611: checking whether build environment is sane
configure:1654: result: yes
configure:1669: checking whether make sets $(MAKE)
configure:1689: result: yes
configure:1721: checking for working aclocal-1.4
configure:1728: result: found
configure:1736: checking for working autoconf
configure:1743: result: found
configure:1751: checking for working automake-1.4
configure:1758: result: found
configure:1766: checking for working autoheader
configure:1773: result: found
configure:1781: checking for working makeinfo
configure:1788: result: found
configure:1878: checking build system type
configure:1896: result: x86_64-unknown-linux-gnu
configure:1904: checking host system type
configure:1918: result: x86_64-unknown-linux-gnu
configure:1972: checking for gcc
configure:1988: found /usr/lib/distcc/bin/gcc
configure:1998: result: gcc
configure:2242: checking for C compiler version
configure:2245: gcc --version </dev/null >&5
gcc (GCC) 4.1.2 (Gentoo 4.1.2 p1.1)
Copyright (C) 2006 Free Software Foundation, Inc.
This is free software; see the source for copying conditions.  There is NO
warranty; not even for MERCHANTABILITY or FITNESS FOR A PARTICULAR PURPOSE.

configure:2248: $? = 0
configure:2250: gcc -v </dev/null >&5
Using built-in specs.
Target: x86_64-pc-linux-gnu
Configured with: /var/tmp/portage/sys-devel/gcc-4.1.2/work/gcc-4.1.2/configure --prefix=/usr --bindir=/usr/x86_64-pc-linux-gnu/gcc-bin/4.1.2 --includedir=/usr/lib/gcc/x86_64-pc-linux-gnu/4.1.2/include --datadir=/usr/share/gcc-data/x86_64-pc-linux-gnu/4.1.2 --mandir=/usr/share/gcc-data/x86_64-pc-linux-gnu/4.1.2/man --infodir=/usr/share/gcc-data/x86_64-pc-linux-gnu/4.1.2/info --with-gxx-include-dir=/usr/lib/gcc/x86_64-pc-linux-gnu/4.1.2/include/g++-v4 --host=x86_64-pc-linux-gnu --build=x86_64-pc-linux-gnu --disable-altivec --enable-nls --without-included-gettext --with-system-zlib --disable-checking --disable-werror --enable-secureplt --enable-multilib --enable-libmudflap --disable-libssp --disable-libgcj --enable-languages=c,c++,treelang,fortran --enable-shared --enable-threads=posix --enable-__cxa_atexit --enable-clocale=gnu
Thread model: posix
gcc version 4.1.2 (Gentoo 4.1.2 p1.1)
configure:2253: $? = 0
configure:2255: gcc -V </dev/null >&5
gcc: '-V' option must have argument
distcc[10364] ERROR: compile (null) on localhost failed
configure:2258: $? = 1
configure:2281: checking for C compiler default output file name
configure:2284: gcc    conftest.c  >&5
configure:2287: $? = 0
configure:2333: result: a.out
configure:2338: checking whether the C compiler works
configure:2344: ./a.out
configure:2347: $? = 0
configure:2364: result: yes
configure:2371: checking whether we are cross compiling
configure:2373: result: no
configure:2376: checking for suffix of executables
configure:2378: gcc -o conftest    conftest.c  >&5
configure:2381: $? = 0
configure:2406: result: 
configure:2412: checking for suffix of object files
configure:2433: gcc -c   conftest.c >&5
configure:2436: $? = 0
configure:2458: result: o
configure:2462: checking whether we are using the GNU C compiler
configure:2486: gcc -c   conftest.c >&5
configure:2492: $? = 0
configure:2496: test -z 
			 || test ! -s conftest.err
configure:2499: $? = 0
configure:2502: test -s conftest.o
configure:2505: $? = 0
configure:2518: result: yes
configure:2524: checking whether gcc accepts -g
configure:2545: gcc -c -g  conftest.c >&5
configure:2551: $? = 0
configure:2555: test -z 
			 || test ! -s conftest.err
configure:2558: $? = 0
configure:2561: test -s conftest.o
configure:2564: $? = 0
configure:2575: result: yes
configure:2592: checking for gcc option to accept ANSI C
configure:2662: gcc  -c -g -O2  conftest.c >&5
configure:2668: $? = 0
configure:2672: test -z 
			 || test ! -s conftest.err
configure:2675: $? = 0
configure:2678: test -s conftest.o
configure:2681: $? = 0
configure:2699: result: none needed
configure:2717: gcc -c -g -O2  conftest.c >&5
conftest.c:2: error: expected '=', ',', ';', 'asm' or '__attribute__' before 'me'
distcc[10483] ERROR: compile conftest.c on localhost failed
configure:2723: $? = 1
configure: failed program was:
| #ifndef __cplusplus
|   choke me
| #endif
configure:2856: checking for a sed that does not truncate output
configure:2910: result: /bin/sed
configure:2913: checking for egrep
configure:2923: result: grep -E
configure:2939: checking for ld used by gcc
configure:3006: result: /usr/x86_64-pc-linux-gnu/bin/ld
configure:3015: checking if the linker (/usr/x86_64-pc-linux-gnu/bin/ld) is GNU ld
configure:3030: result: yes
configure:3035: checking for /usr/x86_64-pc-linux-gnu/bin/ld option to reload object files
configure:3042: result: -r
configure:3051: checking for BSD-compatible nm
configure:3093: result: /usr/bin/nm -B
configure:3097: checking whether ln -s works
configure:3101: result: yes
configure:3108: checking how to recognise dependent libraries
configure:3282: result: pass_all
configure:3367: gcc -c -g -O2  conftest.c >&5
configure:3370: $? = 0
configure:3496: checking how to run the C preprocessor
configure:3531: gcc -E  conftest.c
configure:3537: $? = 0
configure:3569: gcc -E  conftest.c
conftest.c:11:28: error: ac_nonexistent.h: No such file or directory
distcc[10557] ERROR: compile (null) on localhost failed
configure:3575: $? = 1
configure: failed program was:
| /* confdefs.h.  */
| 
| #define PACKAGE_NAME "libchimera"
| #define PACKAGE_TARNAME "libchimera"
| #define PACKAGE_VERSION "1.4"
| #define PACKAGE_STRING "libchimera 1.4"
| #define PACKAGE_BUGREPORT ""
| #define PACKAGE "libchimera"
| #define VERSION "1.4"
| /* end confdefs.h.  */
| #include <ac_nonexistent.h>
configure:3614: result: gcc -E
configure:3638: gcc -E  conftest.c
configure:3644: $? = 0
configure:3676: gcc -E  conftest.c
conftest.c:11:28: error: ac_nonexistent.h: No such file or directory
distcc[10584] ERROR: compile (null) on localhost failed
configure:3682: $? = 1
configure: failed program was:
| /* confdefs.h.  */
| 
| #define PACKAGE_NAME "libchimera"
| #define PACKAGE_TARNAME "libchimera"
| #define PACKAGE_VERSION "1.4"
| #define PACKAGE_STRING "libchimera 1.4"
| #define PACKAGE_BUGREPORT ""
| #define PACKAGE "libchimera"
| #define VERSION "1.4"
| /* end confdefs.h.  */
| #include <ac_nonexistent.h>
configure:3726: checking for ANSI C header files
configure:3751: gcc -c -g -O2  conftest.c >&5
configure:3757: $? = 0
configure:3761: test -z 
			 || test ! -s conftest.err
configure:3764: $? = 0
configure:3767: test -s conftest.o
configure:3770: $? = 0
configure:3859: gcc -o conftest -g -O2   conftest.c  >&5
conftest.c: In function 'main':
conftest.c:28: warning: incompatible implicit declaration of built-in function 'exit'
configure:3862: $? = 0
configure:3864: ./conftest
configure:3867: $? = 0
configure:3882: result: yes
configure:3906: checking for sys/types.h
configure:3922: gcc -c -g -O2  conftest.c >&5
configure:3928: $? = 0
configure:3932: test -z 
			 || test ! -s conftest.err
configure:3935: $? = 0
configure:3938: test -s conftest.o
configure:3941: $? = 0
configure:3952: result: yes
configure:3906: checking for sys/stat.h
configure:3922: gcc -c -g -O2  conftest.c >&5
configure:3928: $? = 0
configure:3932: test -z 
			 || test ! -s conftest.err
configure:3935: $? = 0
configure:3938: test -s conftest.o
configure:3941: $? = 0
configure:3952: result: yes
configure:3906: checking for stdlib.h
configure:3922: gcc -c -g -O2  conftest.c >&5
configure:3928: $? = 0
configure:3932: test -z 
			 || test ! -s conftest.err
configure:3935: $? = 0
configure:3938: test -s conftest.o
configure:3941: $? = 0
configure:3952: result: yes
configure:3906: checking for string.h
configure:3922: gcc -c -g -O2  conftest.c >&5
configure:3928: $? = 0
configure:3932: test -z 
			 || test ! -s conftest.err
configure:3935: $? = 0
configure:3938: test -s conftest.o
configure:3941: $? = 0
configure:3952: result: yes
configure:3906: checking for memory.h
configure:3922: gcc -c -g -O2  conftest.c >&5
configure:3928: $? = 0
configure:3932: test -z 
			 || test ! -s conftest.err
configure:3935: $? = 0
configure:3938: test -s conftest.o
configure:3941: $? = 0
configure:3952: result: yes
configure:3906: checking for strings.h
configure:3922: gcc -c -g -O2  conftest.c >&5
configure:3928: $? = 0
configure:3932: test -z 
			 || test ! -s conftest.err
configure:3935: $? = 0
configure:3938: test -s conftest.o
configure:3941: $? = 0
configure:3952: result: yes
configure:3906: checking for inttypes.h
configure:3922: gcc -c -g -O2  conftest.c >&5
configure:3928: $? = 0
configure:3932: test -z 
			 || test ! -s conftest.err
configure:3935: $? = 0
configure:3938: test -s conftest.o
configure:3941: $? = 0
configure:3952: result: yes
configure:3906: checking for stdint.h
configure:3922: gcc -c -g -O2  conftest.c >&5
configure:3928: $? = 0
configure:3932: test -z 
			 || test ! -s conftest.err
configure:3935: $? = 0
configure:3938: test -s conftest.o
configure:3941: $? = 0
configure:3952: result: yes
configure:3906: checking for unistd.h
configure:3922: gcc -c -g -O2  conftest.c >&5
configure:3928: $? = 0
configure:3932: test -z 
			 || test ! -s conftest.err
configure:3935: $? = 0
configure:3938: test -s conftest.o
configure:3941: $? = 0
configure:3952: result: yes
configure:3978: checking dlfcn.h usability
configure:3990: gcc -c -g -O2  conftest.c >&5
configure:3996: $? = 0
configure:4000: test -z 
			 || test ! -s conftest.err
configure:4003: $? = 0
configure:4006: test -s conftest.o
configure:4009: $? = 0
configure:4019: result: yes
configure:4023: checking dlfcn.h presence
configure:4033: gcc -E  conftest.c
configure:4039: $? = 0
configure:4059: result: yes
configure:4094: checking for dlfcn.h
configure:4101: result: yes
configure:4166: checking for g++
configure:4182: found /usr/lib/distcc/bin/g++
configure:4192: result: g++
configure:4208: checking for C++ compiler version
configure:4211: g++ --version </dev/null >&5
g++ (GCC) 4.1.2 (Gentoo 4.1.2 p1.1)
Copyright (C) 2006 Free Software Foundation, Inc.
This is free software; see the source for copying conditions.  There is NO
warranty; not even for MERCHANTABILITY or FITNESS FOR A PARTICULAR PURPOSE.

configure:4214: $? = 0
configure:4216: g++ -v </dev/null >&5
Using built-in specs.
Target: x86_64-pc-linux-gnu
Configured with: /var/tmp/portage/sys-devel/gcc-4.1.2/work/gcc-4.1.2/configure --prefix=/usr --bindir=/usr/x86_64-pc-linux-gnu/gcc-bin/4.1.2 --includedir=/usr/lib/gcc/x86_64-pc-linux-gnu/4.1.2/include --datadir=/usr/share/gcc-data/x86_64-pc-linux-gnu/4.1.2 --mandir=/usr/share/gcc-data/x86_64-pc-linux-gnu/4.1.2/man --infodir=/usr/share/gcc-data/x86_64-pc-linux-gnu/4.1.2/info --with-gxx-include-dir=/usr/lib/gcc/x86_64-pc-linux-gnu/4.1.2/include/g++-v4 --host=x86_64-pc-linux-gnu --build=x86_64-pc-linux-gnu --disable-altivec --enable-nls --without-included-gettext --with-system-zlib --disable-checking --disable-werror --enable-secureplt --enable-multilib --enable-libmudflap --disable-libssp --disable-libgcj --enable-languages=c,c++,treelang,fortran --enable-shared --enable-threads=posix --enable-__cxa_atexit --enable-clocale=gnu
Thread model: posix
gcc version 4.1.2 (Gentoo 4.1.2 p1.1)
configure:4219: $? = 0
configure:4221: g++ -V </dev/null >&5
g++: '-V' option must have argument
distcc[11007] ERROR: compile (null) on localhost failed
configure:4224: $? = 1
configure:4227: checking whether we are using the GNU C++ compiler
configure:4251: g++ -c   conftest.cc >&5
configure:4257: $? = 0
configure:4261: test -z 
			 || test ! -s conftest.err
configure:4264: $? = 0
configure:4267: test -s conftest.o
configure:4270: $? = 0
configure:4283: result: yes
configure:4289: checking whether g++ accepts -g
configure:4310: g++ -c -g  conftest.cc >&5
configure:4316: $? = 0
configure:4320: test -z 
			 || test ! -s conftest.err
configure:4323: $? = 0
configure:4326: test -s conftest.o
configure:4329: $? = 0
configure:4340: result: yes
configure:4382: g++ -c -g -O2  conftest.cc >&5
configure:4388: $? = 0
configure:4392: test -z 
			 || test ! -s conftest.err
configure:4395: $? = 0
configure:4398: test -s conftest.o
configure:4401: $? = 0
configure:4427: g++ -c -g -O2  conftest.cc >&5
conftest.cc: In function 'int main()':
conftest.cc:26: error: 'exit' was not declared in this scope
distcc[11080] ERROR: compile conftest.cc on localhost failed
configure:4433: $? = 1
configure: failed program was:
| /* confdefs.h.  */
| 
| #define PACKAGE_NAME "libchimera"
| #define PACKAGE_TARNAME "libchimera"
| #define PACKAGE_VERSION "1.4"
| #define PACKAGE_STRING "libchimera 1.4"
| #define PACKAGE_BUGREPORT ""
| #define PACKAGE "libchimera"
| #define VERSION "1.4"
| #define STDC_HEADERS 1
| #define HAVE_SYS_TYPES_H 1
| #define HAVE_SYS_STAT_H 1
| #define HAVE_STDLIB_H 1
| #define HAVE_STRING_H 1
| #define HAVE_MEMORY_H 1
| #define HAVE_STRINGS_H 1
| #define HAVE_INTTYPES_H 1
| #define HAVE_STDINT_H 1
| #define HAVE_UNISTD_H 1
| #define HAVE_DLFCN_H 1
| /* end confdefs.h.  */
| 
| int
| main ()
| {
| exit (42);
|   ;
|   return 0;
| }
configure:4382: g++ -c -g -O2  conftest.cc >&5
configure:4388: $? = 0
configure:4392: test -z 
			 || test ! -s conftest.err
configure:4395: $? = 0
configure:4398: test -s conftest.o
configure:4401: $? = 0
configure:4427: g++ -c -g -O2  conftest.cc >&5
configure:4433: $? = 0
configure:4437: test -z 
			 || test ! -s conftest.err
configure:4440: $? = 0
configure:4443: test -s conftest.o
configure:4446: $? = 0
configure:4474: checking how to run the C++ preprocessor
configure:4505: g++ -E  conftest.cc
configure:4511: $? = 0
configure:4543: g++ -E  conftest.cc
conftest.cc:25:28: error: ac_nonexistent.h: No such file or directory
distcc[11149] ERROR: compile (null) on localhost failed
configure:4549: $? = 1
configure: failed program was:
| /* confdefs.h.  */
| 
| #define PACKAGE_NAME "libchimera"
| #define PACKAGE_TARNAME "libchimera"
| #define PACKAGE_VERSION "1.4"
| #define PACKAGE_STRING "libchimera 1.4"
| #define PACKAGE_BUGREPORT ""
| #define PACKAGE "libchimera"
| #define VERSION "1.4"
| #define STDC_HEADERS 1
| #define HAVE_SYS_TYPES_H 1
| #define HAVE_SYS_STAT_H 1
| #define HAVE_STDLIB_H 1
| #define HAVE_STRING_H 1
| #define HAVE_MEMORY_H 1
| #define HAVE_STRINGS_H 1
| #define HAVE_INTTYPES_H 1
| #define HAVE_STDINT_H 1
| #define HAVE_UNISTD_H 1
| #define HAVE_DLFCN_H 1
| #ifdef __cplusplus
| extern "C" void std::exit (int) throw (); using std::exit;
| #endif
| /* end confdefs.h.  */
| #include <ac_nonexistent.h>
configure:4588: result: g++ -E
configure:4612: g++ -E  conftest.cc
configure:4618: $? = 0
configure:4650: g++ -E  conftest.cc
conftest.cc:25:28: error: ac_nonexistent.h: No such file or directory
distcc[11177] ERROR: compile (null) on localhost failed
configure:4656: $? = 1
configure: failed program was:
| /* confdefs.h.  */
| 
| #define PACKAGE_NAME "libchimera"
| #define PACKAGE_TARNAME "libchimera"
| #define PACKAGE_VERSION "1.4"
| #define PACKAGE_STRING "libchimera 1.4"
| #define PACKAGE_BUGREPORT ""
| #define PACKAGE "libchimera"
| #define VERSION "1.4"
| #define STDC_HEADERS 1
| #define HAVE_SYS_TYPES_H 1
| #define HAVE_SYS_STAT_H 1
| #define HAVE_STDLIB_H 1
| #define HAVE_STRING_H 1
| #define HAVE_MEMORY_H 1
| #define HAVE_STRINGS_H 1
| #define HAVE_INTTYPES_H 1
| #define HAVE_STDINT_H 1
| #define HAVE_UNISTD_H 1
| #define HAVE_DLFCN_H 1
| #ifdef __cplusplus
| extern "C" void std::exit (int) throw (); using std::exit;
| #endif
| /* end confdefs.h.  */
| #include <ac_nonexistent.h>
configure:4751: checking for g77
configure:4780: result: no
configure:4751: checking for f77
configure:4780: result: no
configure:4751: checking for xlf
configure:4780: result: no
configure:4751: checking for frt
configure:4780: result: no
configure:4751: checking for pgf77
configure:4780: result: no
configure:4751: checking for fort77
configure:4780: result: no
configure:4751: checking for fl32
configure:4780: result: no
configure:4751: checking for af77
configure:4780: result: no
configure:4751: checking for f90
configure:4780: result: no
configure:4751: checking for xlf90
configure:4780: result: no
configure:4751: checking for pgf90
configure:4780: result: no
configure:4751: checking for epcf90
configure:4780: result: no
configure:4751: checking for f95
configure:4780: result: no
configure:4751: checking for fort
configure:4780: result: no
configure:4751: checking for xlf95
configure:4780: result: no
configure:4751: checking for ifc
configure:4780: result: no
configure:4751: checking for efc
configure:4780: result: no
configure:4751: checking for pgf95
configure:4780: result: no
configure:4751: checking for lf95
configure:4780: result: no
configure:4751: checking for gfortran
configure:4767: found /usr/bin/gfortran
configure:4777: result: gfortran
configure:4792: checking for Fortran 77 compiler version
configure:4795: gfortran --version </dev/null >&5
GNU Fortran 95 (GCC) 4.1.2 (Gentoo 4.1.2 p1.1)
Copyright (C) 2006 Free Software Foundation, Inc.

GNU Fortran comes with NO WARRANTY, to the extent permitted by law.
You may redistribute copies of GNU Fortran
under the terms of the GNU General Public License.
For more information about these matters, see the file named COPYING

configure:4798: $? = 0
configure:4800: gfortran -v </dev/null >&5
Using built-in specs.
Target: x86_64-pc-linux-gnu
Configured with: /var/tmp/portage/sys-devel/gcc-4.1.2/work/gcc-4.1.2/configure --prefix=/usr --bindir=/usr/x86_64-pc-linux-gnu/gcc-bin/4.1.2 --includedir=/usr/lib/gcc/x86_64-pc-linux-gnu/4.1.2/include --datadir=/usr/share/gcc-data/x86_64-pc-linux-gnu/4.1.2 --mandir=/usr/share/gcc-data/x86_64-pc-linux-gnu/4.1.2/man --infodir=/usr/share/gcc-data/x86_64-pc-linux-gnu/4.1.2/info --with-gxx-include-dir=/usr/lib/gcc/x86_64-pc-linux-gnu/4.1.2/include/g++-v4 --host=x86_64-pc-linux-gnu --build=x86_64-pc-linux-gnu --disable-altivec --enable-nls --without-included-gettext --with-system-zlib --disable-checking --disable-werror --enable-secureplt --enable-multilib --enable-libmudflap --disable-libssp --disable-libgcj --enable-languages=c,c++,treelang,fortran --enable-shared --enable-threads=posix --enable-__cxa_atexit --enable-clocale=gnu
Thread model: posix
gcc version 4.1.2 (Gentoo 4.1.2 p1.1)
configure:4803: $? = 0
configure:4805: gfortran -V </dev/null >&5
gfortran: '-V' option must have argument
configure:4808: $? = 1
configure:4816: checking whether we are using the GNU Fortran 77 compiler
configure:4830: gfortran -c  conftest.F >&5
configure:4836: $? = 0
configure:4840: test -z 
			 || test ! -s conftest.err
configure:4843: $? = 0
configure:4846: test -s conftest.o
configure:4849: $? = 0
configure:4862: result: yes
configure:4868: checking whether gfortran accepts -g
configure:4880: gfortran -c -g conftest.f >&5
configure:4886: $? = 0
configure:4890: test -z 
			 || test ! -s conftest.err
configure:4893: $? = 0
configure:4896: test -s conftest.o
configure:4899: $? = 0
configure:4911: result: yes
configure:4941: checking the maximum length of command line arguments
configure:5006: result: 32768
configure:5017: checking command to parse /usr/bin/nm -B output from gcc object
configure:5106: gcc -c -g -O2  conftest.c >&5
configure:5109: $? = 0
configure:5113: /usr/bin/nm -B conftest.o \| sed -n -e 's/^.*[ 	]\([ABCDGIRSTW][ABCDGIRSTW]*\)[ 	][ 	]*\(\)\([_A-Za-z][_A-Za-z0-9]*\)$/\1 \2\3 \3/p' \> conftest.nm
configure:5116: $? = 0
configure:5168: gcc -o conftest -g -O2   conftest.c conftstm.o >&5
configure:5171: $? = 0
configure:5209: result: ok
configure:5213: checking for objdir
configure:5228: result: .libs
configure:5318: checking for ar
configure:5334: found /usr/bin/ar
configure:5345: result: ar
configure:5398: checking for ranlib
configure:5414: found /usr/bin/ranlib
configure:5425: result: ranlib
configure:5478: checking for strip
configure:5494: found /usr/bin/strip
configure:5505: result: strip
configure:5767: checking if gcc static flag  works
configure:5790: result: yes
configure:5808: checking if gcc supports -fno-rtti -fno-exceptions
configure:5826: gcc -c -g -O2  -fno-rtti -fno-exceptions conftest.c >&5
cc1: warning: command line option "-fno-rtti" is valid for C++/ObjC++ but not for C
configure:5830: $? = 0
configure:5841: result: no
configure:5856: checking for gcc option to produce PIC
configure:6033: result: -fPIC
configure:6041: checking if gcc PIC flag -fPIC works
configure:6059: gcc -c -g -O2  -fPIC -DPIC conftest.c >&5
configure:6063: $? = 0
configure:6074: result: yes
configure:6098: checking if gcc supports -c -o file.o
configure:6119: gcc -c -g -O2  -o out/conftest2.o conftest.c >&5
configure:6123: $? = 0
configure:6143: result: yes
configure:6169: checking whether the gcc linker (/usr/x86_64-pc-linux-gnu/bin/ld -m elf_x86_64) supports shared libraries
configure:7018: result: yes
configure:7089: checking dynamic linker characteristics
configure:7641: result: GNU/Linux ld.so
configure:7645: checking how to hardcode library paths into programs
configure:7670: result: immediate
configure:7684: checking whether stripping libraries is possible
configure:7689: result: yes
configure:8519: checking if libtool supports shared libraries
configure:8521: result: yes
configure:8524: checking whether to build shared libraries
configure:8582: result: no
configure:8585: checking whether to build static libraries
configure:8589: result: yes
configure:8681: creating libtool
configure:9228: checking for ld used by g++
configure:9295: result: /usr/x86_64-pc-linux-gnu/bin/ld -m elf_x86_64
configure:9304: checking if the linker (/usr/x86_64-pc-linux-gnu/bin/ld -m elf_x86_64) is GNU ld
configure:9319: result: yes
configure:9370: checking whether the g++ linker (/usr/x86_64-pc-linux-gnu/bin/ld -m elf_x86_64) supports shared libraries
configure:10198: result: yes
configure:10216: g++ -c -g -O2  conftest.cc >&5
configure:10219: $? = 0
configure:10315: checking for g++ option to produce PIC
configure:10567: result: -fPIC
configure:10575: checking if g++ PIC flag -fPIC works
configure:10593: g++ -c -g -O2  -fPIC -DPIC conftest.cc >&5
configure:10597: $? = 0
configure:10608: result: yes
configure:10632: checking if g++ supports -c -o file.o
configure:10653: g++ -c -g -O2  -o out/conftest2.o conftest.cc >&5
configure:10657: $? = 0
configure:10677: result: yes
configure:10703: checking whether the g++ linker (/usr/x86_64-pc-linux-gnu/bin/ld -m elf_x86_64) supports shared libraries
configure:10731: result: yes
configure:10802: checking dynamic linker characteristics
configure:11354: result: GNU/Linux ld.so
configure:11358: checking how to hardcode library paths into programs
configure:11383: result: immediate
configure:11397: checking whether stripping libraries is possible
configure:11402: result: yes
configure:12709: checking if libtool supports shared libraries
configure:12711: result: yes
configure:12714: checking whether to build shared libraries
configure:12732: result: no
configure:12735: checking whether to build static libraries
configure:12739: result: yes
configure:12751: checking for gfortran option to produce PIC
configure:12928: result: -fPIC
configure:12936: checking if gfortran PIC flag -fPIC works
configure:12954: gfortran -c -g -O2 -fPIC conftest.f >&5
configure:12958: $? = 0
configure:12969: result: yes
configure:12993: checking if gfortran supports -c -o file.o
configure:13014: gfortran -c -g -O2 -o out/conftest2.o conftest.f >&5
configure:13018: $? = 0
configure:13038: result: yes
configure:13064: checking whether the gfortran linker (/usr/x86_64-pc-linux-gnu/bin/ld -m elf_x86_64) supports shared libraries
configure:13893: result: yes
configure:13964: checking dynamic linker characteristics
configure:14516: result: GNU/Linux ld.so
configure:14520: checking how to hardcode library paths into programs
configure:14545: result: immediate
configure:14559: checking whether stripping libraries is possible
configure:14564: result: yes
configure:18711: checking for gcc
configure:18737: result: gcc
configure:18981: checking for C compiler version
configure:18984: gcc --version </dev/null >&5
gcc (GCC) 4.1.2 (Gentoo 4.1.2 p1.1)
Copyright (C) 2006 Free Software Foundation, Inc.
This is free software; see the source for copying conditions.  There is NO
warranty; not even for MERCHANTABILITY or FITNESS FOR A PARTICULAR PURPOSE.

configure:18987: $? = 0
configure:18989: gcc -v </dev/null >&5
Using built-in specs.
Target: x86_64-pc-linux-gnu
Configured with: /var/tmp/portage/sys-devel/gcc-4.1.2/work/gcc-4.1.2/configure --prefix=/usr --bindir=/usr/x86_64-pc-linux-gnu/gcc-bin/4.1.2 --includedir=/usr/lib/gcc/x86_64-pc-linux-gnu/4.1.2/include --datadir=/usr/share/gcc-data/x86_64-pc-linux-gnu/4.1.2 --mandir=/usr/share/gcc-data/x86_64-pc-linux-gnu/4.1.2/man --infodir=/usr/share/gcc-data/x86_64-pc-linux-gnu/4.1.2/info --with-gxx-include-dir=/usr/lib/gcc/x86_64-pc-linux-gnu/4.1.2/include/g++-v4 --host=x86_64-pc-linux-gnu --build=x86_64-pc-linux-gnu --disable-altivec --enable-nls --without-included-gettext --with-system-zlib --disable-checking --disable-werror --enable-secureplt --enable-multilib --enable-libmudflap --disable-libssp --disable-libgcj --enable-languages=c,c++,treelang,fortran --enable-shared --enable-threads=posix --enable-__cxa_atexit --enable-clocale=gnu
Thread model: posix
gcc version 4.1.2 (Gentoo 4.1.2 p1.1)
configure:18992: $? = 0
configure:18994: gcc -V </dev/null >&5
gcc: '-V' option must have argument
distcc[13286] ERROR: compile (null) on localhost failed
configure:18997: $? = 1
configure:19000: checking whether we are using the GNU C compiler
configure:19056: result: yes
configure:19062: checking whether gcc accepts -g
configure:19113: result: yes
configure:19130: checking for gcc option to accept ANSI C
configure:19237: result: none needed
configure:19255: gcc -c -g -O2  conftest.c >&5
conftest.c:2: error: expected '=', ',', ';', 'asm' or '__attribute__' before 'me'
distcc[13294] ERROR: compile conftest.c on localhost failed
configure:19261: $? = 1
configure: failed program was:
| #ifndef __cplusplus
|   choke me
| #endif
configure:19522: creating ./config.status

## ---------------------- ##
## Running config.status. ##
## ---------------------- ##

This file was extended by libchimera config.status 1.4, which was
generated by GNU Autoconf 2.59.  Invocation command line was

  CONFIG_FILES    = 
  CONFIG_HEADERS  = 
  CONFIG_LINKS    = 
  CONFIG_COMMANDS = 
  $ ./config.status 

on emperor

config.status:675: creating Makefile
config.status:675: creating src/Makefile
config.status:675: creating test/Makefile

## ---------------- ##
## Cache variables. ##
## ---------------- ##

ac_cv_build=x86_64-unknown-linux-gnu
ac_cv_build_alias=x86_64-unknown-linux-gnu
ac_cv_c_compiler_gnu=yes
ac_cv_cxx_compiler_gnu=yes
ac_cv_env_CC_set=
ac_cv_env_CC_value=
ac_cv_env_CFLAGS_set=
ac_cv_env_CFLAGS_value=
ac_cv_env_CPPFLAGS_set=
ac_cv_env_CPPFLAGS_value=
ac_cv_env_CPP_set=
ac_cv_env_CPP_value=
ac_cv_env_CXXCPP_set=
ac_cv_env_CXXCPP_value=
ac_cv_env_CXXFLAGS_set=
ac_cv_env_CXXFLAGS_value=
ac_cv_env_CXX_set=
ac_cv_env_CXX_value=
ac_cv_env_F77_set=
ac_cv_env_F77_value=
ac_cv_env_FFLAGS_set=
ac_cv_env_FFLAGS_value=
ac_cv_env_LDFLAGS_set=
ac_cv_env_LDFLAGS_value=
ac_cv_env_build_alias_set=
ac_cv_env_build_alias_value=
ac_cv_env_host_alias_set=
ac_cv_env_host_alias_value=
ac_cv_env_target_alias_set=
ac_cv_env_target_alias_value=
ac_cv_exeext=
ac_cv_f77_compiler_gnu=yes
ac_cv_header_dlfcn_h=yes
ac_cv_header_inttypes_h=yes
ac_cv_header_memory_h=yes
ac_cv_header_stdc=yes
ac_cv_header_stdint_h=yes
ac_cv_header_stdlib_h=yes
ac_cv_header_string_h=yes
ac_cv_header_strings_h=yes
ac_cv_header_sys_stat_h=yes
ac_cv_header_sys_types_h=yes
ac_cv_header_unistd_h=yes
ac_cv_host=x86_64-unknown-linux-gnu
ac_cv_host_alias=x86_64-unknown-linux-gnu
ac_cv_objext=o
ac_cv_path_install='/usr/bin/install -c'
ac_cv_prog_CPP='gcc -E'
ac_cv_prog_CXXCPP='g++ -E'
ac_cv_prog_ac_ct_AR=ar
ac_cv_prog_ac_ct_CC=gcc
ac_cv_prog_ac_ct_CXX=g++
ac_cv_prog_ac_ct_F77=gfortran
ac_cv_prog_ac_ct_RANLIB=ranlib
ac_cv_prog_ac_ct_STRIP=strip
ac_cv_prog_cc_g=yes
ac_cv_prog_cc_stdc=
ac_cv_prog_cxx_g=yes
ac_cv_prog_egrep='grep -E'
ac_cv_prog_f77_g=yes
ac_cv_prog_make_make_set=yes
lt_cv_deplibs_check_method=pass_all
lt_cv_file_magic_cmd='$MAGIC_CMD'
lt_cv_file_magic_test_file=
lt_cv_ld_reload_flag=-r
lt_cv_objdir=.libs
lt_cv_path_LD=/usr/x86_64-pc-linux-gnu/bin/ld
lt_cv_path_LDCXX='/usr/x86_64-pc-linux-gnu/bin/ld -m elf_x86_64'
lt_cv_path_NM='/usr/bin/nm -B'
lt_cv_path_SED=/bin/sed
lt_cv_prog_compiler_c_o=yes
lt_cv_prog_compiler_c_o_CXX=yes
lt_cv_prog_compiler_c_o_F77=yes
lt_cv_prog_compiler_rtti_exceptions=no
lt_cv_prog_gnu_ld=yes
lt_cv_prog_gnu_ldcxx=yes
lt_cv_sys_global_symbol_pipe='sed -n -e '\''s/^.*[ 	]\([ABCDGIRSTW][ABCDGIRSTW]*\)[ 	][ 	]*\(\)\([_A-Za-z][_A-Za-z0-9]*\)$/\1 \2\3 \3/p'\'''
lt_cv_sys_global_symbol_to_c_name_address='sed -n -e '\''s/^: \([^ ]*\) $/  {\"\1\", (lt_ptr) 0},/p'\'' -e '\''s/^[BCDEGRST] \([^ ]*\) \([^ ]*\)$/  {"\2", (lt_ptr) \&\2},/p'\'''
lt_cv_sys_global_symbol_to_cdecl='sed -n -e '\''s/^. .* \(.*\)$/extern int \1;/p'\'''
lt_cv_sys_max_cmd_len=32768
lt_lt_cv_prog_compiler_c_o='"yes"'
lt_lt_cv_prog_compiler_c_o_CXX='"yes"'
lt_lt_cv_prog_compiler_c_o_F77='"yes"'
lt_lt_cv_sys_global_symbol_pipe='"sed -n -e '\''s/^.*[ 	]\\([ABCDGIRSTW][ABCDGIRSTW]*\\)[ 	][ 	]*\\(\\)\\([_A-Za-z][_A-Za-z0-9]*\\)\$/\\1 \\2\\3 \\3/p'\''"'
lt_lt_cv_sys_global_symbol_to_c_name_address='"sed -n -e '\''s/^: \\([^ ]*\\) \$/  {\\\"\\1\\\", (lt_ptr) 0},/p'\'' -e '\''s/^[BCDEGRST] \\([^ ]*\\) \\([^ ]*\\)\$/  {\"\\2\", (lt_ptr) \\&\\2},/p'\''"'
lt_lt_cv_sys_global_symbol_to_cdecl='"sed -n -e '\''s/^. .* \\(.*\\)\$/extern int \\1;/p'\''"'

## ----------------- ##
## Output variables. ##
## ----------------- ##

ACLOCAL='aclocal-1.4'
AR='ar'
AUTOCONF='autoconf'
AUTOHEADER='autoheader'
AUTOMAKE='automake-1.4'
CC='gcc'
CFLAGS='-g -O2'
CPP='gcc -E'
CPPFLAGS=''
CXX='g++'
CXXCPP='g++ -E'
CXXFLAGS='-g -O2'
DEFS='-DPACKAGE_NAME=\"libchimera\" -DPACKAGE_TARNAME=\"libchimera\" -DPACKAGE_VERSION=\"1.4\" -DPACKAGE_STRING=\"libchimera\ 1.4\" -DPACKAGE_BUGREPORT=\"\" -DPACKAGE=\"libchimera\" -DVERSION=\"1.4\" -DSTDC_HEADERS=1 -DHAVE_SYS_TYPES_H=1 -DHAVE_SYS_STAT_H=1 -DHAVE_STDLIB_H=1 -DHAVE_STRING_H=1 -DHAVE_MEMORY_H=1 -DHAVE_STRINGS_H=1 -DHAVE_INTTYPES_H=1 -DHAVE_STDINT_H=1 -DHAVE_UNISTD_H=1 -DHAVE_DLFCN_H=1 '
ECHO='echo'
ECHO_C=''
ECHO_N='-n'
ECHO_T=''
EGREP='grep -E'
EXEEXT=''
F77='gfortran'
FFLAGS='-g -O2'
INSTALL_DATA='${INSTALL} -m 644'
INSTALL_PROGRAM='${INSTALL}'
INSTALL_SCRIPT='${INSTALL}'
LDFLAGS=''
LIBOBJS=''
LIBS=''
LIBTOOL='$(SHELL) $(top_builddir)/libtool'
LN_S='ln -s'
LTLIBOBJS=''
MAKEINFO='makeinfo'
OBJEXT='o'
PACKAGE='libchimera'
PACKAGE_BUGREPORT=''
PACKAGE_NAME='libchimera'
PACKAGE_STRING='libchimera 1.4'
PACKAGE_TARNAME='libchimera'
PACKAGE_VERSION='1.4'
PATH_SEPARATOR=':'
RANLIB='ranlib'
SET_MAKE=''
SHELL='/bin/sh'
STRIP='strip'
VERSION='1.4'
ac_ct_AR='ar'
ac_ct_CC='gcc'
ac_ct_CXX='g++'
ac_ct_F77='gfortran'
ac_ct_RANLIB='ranlib'
ac_ct_STRIP='strip'
bindir='${exec_prefix}/bin'
build='x86_64-unknown-linux-gnu'
build_alias=''
build_cpu='x86_64'
build_os='linux-gnu'
build_vendor='unknown'
datadir='${prefix}/share'
exec_prefix='${prefix}'
host='x86_64-unknown-linux-gnu'
host_alias=''
host_cpu='x86_64'
host_os='linux-gnu'
host_vendor='unknown'
includedir='${prefix}/include'
infodir='${prefix}/info'
libdir='${exec_prefix}/lib'
libexecdir='${exec_prefix}/libexec'
localstatedir='${prefix}/var'
mandir='${prefix}/man'
oldincludedir='/usr/include'
prefix='/usr/local'
program_transform_name='s,x,x,'
sbindir='${exec_prefix}/sbin'
sharedstatedir='${prefix}/com'
sysconfdir='${prefix}/etc'
target_alias=''

## ----------- ##
## confdefs.h. ##
## ----------- ##

#define HAVE_DLFCN_H 1
#define HAVE_INTTYPES_H 1
#define HAVE_MEMORY_H 1
#define HAVE_STDINT_H 1
#define HAVE_STDLIB_H 1
#define HAVE_STRINGS_H 1
#define HAVE_STRING_H 1
#define HAVE_SYS_STAT_H 1
#define HAVE_SYS_TYPES_H 1
#define HAVE_UNISTD_H 1
#define PACKAGE "libchimera"
#define PACKAGE_BUGREPORT ""
#define PACKAGE_NAME "libchimera"
#define PACKAGE_STRING "libchimera 1.4"
#define PACKAGE_TARNAME "libchimera"
#define PACKAGE_VERSION "1.4"
#define STDC_HEADERS 1
#define VERSION "1.4"
#endif
#ifdef __cplusplus
extern "C" void std::exit (int) throw (); using std::exit;

configure: exit 0
